Mobiconsole/app/build/intermediates/manifest_merge_blame_file/release/manifest-merger-blame-release-report.txt
1<?xml version="1.0" encoding="utf-8"?>
2<manifest xmlns:android="http://schemas.android.com/apk/res/android"
3    package="com.termux"
4    android:installLocation="internalOnly"
5    android:sharedUserId="com.termux"
6    android:sharedUserLabel="@string/shared_user_label"
7    android:versionCode="111"
8    android:versionName="mobiconsole" >
9
10    <uses-sdk
11        android:minSdkVersion="21"
11-->src/main/AndroidManifest.xml
12        android:targetSdkVersion="29" />
12-->src/main/AndroidManifest.xml
13
14    <uses-feature
14-->src/main/AndroidManifest.xml:8:5-90
15        android:name="android.hardware.touchscreen"
15-->src/main/AndroidManifest.xml:8:19-62
16        android:required="false" />
16-->src/main/AndroidManifest.xml:8:63-87
17    <uses-feature
17-->src/main/AndroidManifest.xml:9:5-87
18        android:name="android.software.leanback"
18-->src/main/AndroidManifest.xml:9:19-59
19        android:required="false" />
19-->src/main/AndroidManifest.xml:9:60-84
20
21    <uses-permission android:name="android.permission.ACCESS_NETWORK_STATE" />
21-->src/main/AndroidManifest.xml:11:5-79
21-->src/main/AndroidManifest.xml:11:22-76
22    <uses-permission android:name="android.permission.INTERNET" />
22-->src/main/AndroidManifest.xml:12:5-67
22-->src/main/AndroidManifest.xml:12:22-64
23    <uses-permission android:name="android.permission.WRITE_EXTERNAL_STORAGE" />
23-->src/main/AndroidManifest.xml:13:5-81
23-->src/main/AndroidManifest.xml:13:22-78
24    <uses-permission android:name="android.permission.WAKE_LOCK" />
24-->src/main/AndroidManifest.xml:14:5-68
24-->src/main/AndroidManifest.xml:14:22-65
25    <uses-permission android:name="android.permission.VIBRATE" />
25-->src/main/AndroidManifest.xml:15:5-66
25-->src/main/AndroidManifest.xml:15:22-63
26    <uses-permission android:name="android.permission.FOREGROUND_SERVICE" />
26-->src/main/AndroidManifest.xml:16:5-77
26-->src/main/AndroidManifest.xml:16:22-74
27
28    <uses-permission-sdk-23 android:name="android.permission.REQUEST_IGNORE_BATTERY_OPTIMIZATIONS" />
28-->src/main/AndroidManifest.xml:17:5-101
28-->src/main/AndroidManifest.xml:17:29-99
29
30    <permission
30-->src/main/AndroidManifest.xml:19:5-23:47
31        android:name="com.termux.permission.RUN_COMMAND"
31-->src/main/AndroidManifest.xml:19:17-65
32        android:description="@string/run_command_permission_description"
32-->src/main/AndroidManifest.xml:21:9-73
33        android:icon="@drawable/ic_launcher"
33-->src/main/AndroidManifest.xml:22:9-45
34        android:label="@string/run_command_permission_label"
34-->src/main/AndroidManifest.xml:20:9-61
35        android:protectionLevel="dangerous" />
35-->src/main/AndroidManifest.xml:23:9-44
36
37    <application
37-->src/main/AndroidManifest.xml:26:5-141:19
38        android:allowBackup="false"
38-->src/main/AndroidManifest.xml:28:9-36
39        android:appComponentFactory="androidx.core.app.CoreComponentFactory"
39-->[androidx.core:core:1.3.0] AndroidManifest.xml:24:18-86
40        android:banner="@drawable/banner"
40-->src/main/AndroidManifest.xml:30:9-42
41        android:extractNativeLibs="true"
41-->src/main/AndroidManifest.xml:27:9-41
42        android:icon="@drawable/ic_launcher"
42-->src/main/AndroidManifest.xml:29:9-45
43        android:label="@string/application_name"
43-->src/main/AndroidManifest.xml:31:9-49
44        android:supportsRtl="false"
44-->src/main/AndroidManifest.xml:33:9-36
45        android:theme="@style/Theme.Termux" >
45-->src/main/AndroidManifest.xml:32:9-44
46
47        <!--
48             This (or rather, value 2.1 or higher) is needed to make the Samsung Galaxy S8
49             mark the app with "This app is optimized to run in full screen."
50        -->
51        <meta-data
51-->src/main/AndroidManifest.xml:37:9-77
52            android:name="android.max_aspect"
52-->src/main/AndroidManifest.xml:37:20-53
53            android:value="10.0" />
53-->src/main/AndroidManifest.xml:37:54-74
54
55        <activity
55-->src/main/AndroidManifest.xml:39:9-55:20
56            android:name="com.termux.app.TermuxActivity"
56-->src/main/AndroidManifest.xml:40:13-57
57            android:configChanges="keyboard|keyboardHidden|orientation|screenSize"
57-->src/main/AndroidManifest.xml:42:13-83
58            android:label="@string/application_name"
58-->src/main/AndroidManifest.xml:41:13-53
59            android:launchMode="singleTask"
59-->src/main/AndroidManifest.xml:43:13-44
60            android:resizeableActivity="true"
60-->src/main/AndroidManifest.xml:44:13-46
61            android:windowSoftInputMode="adjustResize|stateAlwaysVisible" >
61-->src/main/AndroidManifest.xml:45:13-74
62            <intent-filter>
62-->src/main/AndroidManifest.xml:46:13-49:29
63                <action android:name="android.intent.action.MAIN" />
63-->src/main/AndroidManifest.xml:47:17-69
63-->src/main/AndroidManifest.xml:47:25-66
64
65                <category android:name="android.intent.category.LAUNCHER" />
65-->src/main/AndroidManifest.xml:48:17-77
65-->src/main/AndroidManifest.xml:48:27-74
66            </intent-filter>
67            <intent-filter>
67-->src/main/AndroidManifest.xml:50:13-53:29
68                <action android:name="android.intent.action.MAIN" />
68-->src/main/AndroidManifest.xml:47:17-69
68-->src/main/AndroidManifest.xml:47:25-66
69
70                <category android:name="android.intent.category.LEANBACK_LAUNCHER" />
70-->src/main/AndroidManifest.xml:52:17-86
70-->src/main/AndroidManifest.xml:52:27-83
71            </intent-filter>
72
73            <meta-data
73-->src/main/AndroidManifest.xml:54:13-97
74                android:name="android.app.shortcuts"
74-->src/main/AndroidManifest.xml:54:24-60
75                android:resource="@xml/shortcuts" />
75-->src/main/AndroidManifest.xml:54:61-94
76        </activity>
77
78        <activity-alias
78-->src/main/AndroidManifest.xml:96:9-106:26
79            android:name="com.termux.HomeActivity"
79-->src/main/AndroidManifest.xml:97:13-41
80            android:targetActivity="com.termux.app.TermuxActivity" >
80-->src/main/AndroidManifest.xml:98:13-67
81
82            <!-- Launch activity automatically on boot on Android Things devices -->
83            <intent-filter>
83-->src/main/AndroidManifest.xml:101:13-105:29
84                <action android:name="android.intent.action.MAIN" />
84-->src/main/AndroidManifest.xml:47:17-69
84-->src/main/AndroidManifest.xml:47:25-66
85
86                <category android:name="android.intent.category.IOT_LAUNCHER" />
86-->src/main/AndroidManifest.xml:103:17-80
86-->src/main/AndroidManifest.xml:103:27-78
87                <category android:name="android.intent.category.DEFAULT" />
87-->src/main/AndroidManifest.xml:75:17-76
87-->src/main/AndroidManifest.xml:75:27-73
88            </intent-filter>
89        </activity-alias>
90
91        <activity
91-->src/main/AndroidManifest.xml:57:9-63:56
92            android:name="com.termux.app.TermuxHelpActivity"
92-->src/main/AndroidManifest.xml:58:13-61
93            android:exported="false"
93-->src/main/AndroidManifest.xml:59:13-37
94            android:label="@string/application_name"
94-->src/main/AndroidManifest.xml:63:13-53
95            android:parentActivityName="com.termux.app.TermuxActivity"
95-->src/main/AndroidManifest.xml:61:13-61
96            android:resizeableActivity="true"
96-->src/main/AndroidManifest.xml:62:13-46
97            android:theme="@android:style/Theme.Material.Light.DarkActionBar" />
97-->src/main/AndroidManifest.xml:60:13-78
98        <activity
98-->src/main/AndroidManifest.xml:65:9-94:20
99            android:name="com.termux.filepicker.TermuxFileReceiverActivity"
99-->src/main/AndroidManifest.xml:66:13-76
100            android:excludeFromRecents="true"
100-->src/main/AndroidManifest.xml:69:13-46
101            android:label="@string/application_name"
101-->src/main/AndroidManifest.xml:67:13-53
102            android:noHistory="true"
102-->src/main/AndroidManifest.xml:71:13-37
103            android:resizeableActivity="true"
103-->src/main/AndroidManifest.xml:70:13-46
104            android:taskAffinity="com.termux.filereceiver" >
104-->src/main/AndroidManifest.xml:68:13-59
105
106            <!-- Accept multiple file types when sending. -->
107            <intent-filter>
107-->src/main/AndroidManifest.xml:73:13-83:29
108                <action android:name="android.intent.action.SEND" />
108-->src/main/AndroidManifest.xml:74:17-68
108-->src/main/AndroidManifest.xml:74:25-66
109
110                <category android:name="android.intent.category.DEFAULT" />
110-->src/main/AndroidManifest.xml:75:17-76
110-->src/main/AndroidManifest.xml:75:27-73
111
112                <data android:mimeType="application/*" />
112-->src/main/AndroidManifest.xml:76:17-58
112-->src/main/AndroidManifest.xml:76:23-55
113                <data android:mimeType="audio/*" />
113-->src/main/AndroidManifest.xml:76:17-58
113-->src/main/AndroidManifest.xml:76:23-55
114                <data android:mimeType="image/*" />
114-->src/main/AndroidManifest.xml:76:17-58
114-->src/main/AndroidManifest.xml:76:23-55
115                <data android:mimeType="message/*" />
115-->src/main/AndroidManifest.xml:76:17-58
115-->src/main/AndroidManifest.xml:76:23-55
116                <data android:mimeType="multipart/*" />
116-->src/main/AndroidManifest.xml:76:17-58
116-->src/main/AndroidManifest.xml:76:23-55
117                <data android:mimeType="text/*" />
117-->src/main/AndroidManifest.xml:76:17-58
117-->src/main/AndroidManifest.xml:76:23-55
118                <data android:mimeType="video/*" />
118-->src/main/AndroidManifest.xml:76:17-58
118-->src/main/AndroidManifest.xml:76:23-55
119            </intent-filter>
120            <!-- Be more restrictive for viewing files, restricting ourselves to text files. -->
121            <intent-filter>
121-->src/main/AndroidManifest.xml:85:13-93:29
122                <action android:name="android.intent.action.VIEW" />
122-->src/main/AndroidManifest.xml:86:17-68
122-->src/main/AndroidManifest.xml:86:25-66
123
124                <category android:name="android.intent.category.DEFAULT" />
124-->src/main/AndroidManifest.xml:75:17-76
124-->src/main/AndroidManifest.xml:75:27-73
125
126                <data android:mimeType="text/*" />
126-->src/main/AndroidManifest.xml:76:17-58
126-->src/main/AndroidManifest.xml:76:23-55
127                <data android:mimeType="application/json" />
127-->src/main/AndroidManifest.xml:76:17-58
127-->src/main/AndroidManifest.xml:76:23-55
128                <data android:mimeType="application/*xml*" />
128-->src/main/AndroidManifest.xml:76:17-58
128-->src/main/AndroidManifest.xml:76:23-55
129                <data android:mimeType="application/*latex*" />
129-->src/main/AndroidManifest.xml:76:17-58
129-->src/main/AndroidManifest.xml:76:23-55
130                <data android:mimeType="application/javascript" />
130-->src/main/AndroidManifest.xml:76:17-58
130-->src/main/AndroidManifest.xml:76:23-55
131            </intent-filter>
132        </activity>
133
134        <provider
134-->src/main/AndroidManifest.xml:108:9-117:20
135            android:name="com.termux.filepicker.TermuxDocumentsProvider"
135-->src/main/AndroidManifest.xml:109:13-63
136            android:authorities="com.termux.documents"
136-->src/main/AndroidManifest.xml:110:13-55
137            android:exported="true"
137-->src/main/AndroidManifest.xml:112:13-36
138            android:grantUriPermissions="true"
138-->src/main/AndroidManifest.xml:111:13-47
139            android:permission="android.permission.MANAGE_DOCUMENTS" >
139-->src/main/AndroidManifest.xml:113:13-69
140            <intent-filter>
140-->src/main/AndroidManifest.xml:114:13-116:29
141                <action android:name="android.content.action.DOCUMENTS_PROVIDER" />
141-->src/main/AndroidManifest.xml:115:17-84
141-->src/main/AndroidManifest.xml:115:25-81
142            </intent-filter>
143        </provider>
144
145        <service
145-->src/main/AndroidManifest.xml:119:9-121:40
146            android:name="com.termux.app.TermuxService"
146-->src/main/AndroidManifest.xml:120:13-56
147            android:exported="false" />
147-->src/main/AndroidManifest.xml:121:13-37
148        <service
148-->src/main/AndroidManifest.xml:123:9-130:19
149            android:name="com.termux.app.RunCommandService"
149-->src/main/AndroidManifest.xml:124:13-50
150            android:exported="true"
150-->src/main/AndroidManifest.xml:125:13-36
151            android:permission="com.termux.permission.RUN_COMMAND" >
151-->src/main/AndroidManifest.xml:126:13-67
152            <intent-filter>
152-->src/main/AndroidManifest.xml:127:13-129:29
153                <action android:name="com.termux.RUN_COMMAND" />
153-->src/main/AndroidManifest.xml:128:17-65
153-->src/main/AndroidManifest.xml:128:25-62
154            </intent-filter>
155        </service>
156
157        <receiver android:name="com.termux.app.TermuxOpenReceiver" />
157-->src/main/AndroidManifest.xml:132:9-60
157-->src/main/AndroidManifest.xml:132:19-57
158
159        <provider
159-->src/main/AndroidManifest.xml:134:9-138:86
160            android:name="com.termux.app.TermuxOpenReceiver$ContentProvider"
160-->src/main/AndroidManifest.xml:138:19-83
161            android:authorities="com.termux.files"
161-->src/main/AndroidManifest.xml:134:19-57
162            android:exported="true"
162-->src/main/AndroidManifest.xml:136:19-42
163            android:grantUriPermissions="true"
163-->src/main/AndroidManifest.xml:137:19-53
164            android:readPermission="android.permission.permRead" />
164-->src/main/AndroidManifest.xml:135:19-71
165
166        <meta-data
166-->src/main/AndroidManifest.xml:140:9-94
167            android:name="com.sec.android.support.multiwindow"
167-->src/main/AndroidManifest.xml:140:20-70
168            android:value="true" />
168-->src/main/AndroidManifest.xml:140:71-91
169    </application>
170
171</manifest>